<?xml version="1.0" encoding="UTF-8"?>
<!-- Generated by org.testng.reporters.JUnitReportReporter -->
<testsuite hostname="E6410-PC" name="waitTypes.ExplicitWait" tests="1" failures="0" timestamp="23 Aug 2019 03:09:31 GMT" time="37.784" errors="0">
  <testcase name="explicitWait" time="37.784" classname="waitTypes.ExplicitWait"/>
</testsuite> <!-- waitTypes.ExplicitWait -->
