<?xml version="1.0" encoding="UTF-8"?>
<!-- Generated by org.testng.reporters.JUnitReportReporter -->
<testsuite hostname="E6410-PC" name="prioritizingTest.TestNG_Priority" tests="4" failures="0" timestamp="13 Sep 2019 01:53:41 GMT" time="0.068" errors="0">
  <testcase name="test2" time="0.003" classname="prioritizingTest.TestNG_Priority"/>
  <testcase name="test1" time="0.005" classname="prioritizingTest.TestNG_Priority"/>
  <testcase name="test4" time="0.003" classname="prioritizingTest.TestNG_Priority"/>
  <testcase name="test3" time="0.057" classname="prioritizingTest.TestNG_Priority"/>
</testsuite> <!-- prioritizingTest.TestNG_Priority -->
