<?xml version="1.0" encoding="UTF-8"?>
<!-- Generated by org.testng.reporters.JUnitReportReporter -->
<testsuite hostname="E6410-PC" name="testSuites.TestNGClass1" tests="3" failures="0" timestamp="11 Sep 2019 02:24:53 GMT" time="0.063" errors="0">
  <testcase name="testMethod1" time="0.050" classname="testSuites.TestNGClass1"/>
  <testcase name="testMethod2" time="0.006" classname="testSuites.TestNGClass1"/>
  <testcase name="testMethod3" time="0.007" classname="testSuites.TestNGClass1"/>
</testsuite> <!-- testSuites.TestNGClass1 -->
