<?xml version="1.0" encoding="UTF-8"?>
<!-- Generated by org.testng.reporters.JUnitReportReporter -->
<testsuite hostname="E6410-PC" name="testSuites.TestClassAuto" tests="2" failures="0" timestamp="11 Sep 2019 02:59:27 GMT" time="0.031" errors="0">
  <testcase name="test2" time="0.006" classname="testSuites.TestClassAuto"/>
  <testcase name="test1" time="0.025" classname="testSuites.TestClassAuto"/>
</testsuite> <!-- testSuites.TestClassAuto -->
