<?xml version="1.0" encoding="UTF-8"?>
<!-- Generated by org.testng.reporters.JUnitReportReporter -->
<testsuite hostname="E6410-PC" name="waitTypes.ImplicitWait" tests="1" failures="0" timestamp="23 Aug 2019 02:22:26 GMT" time="19.107" errors="0">
  <testcase name="implicitWaitTest" time="19.107" classname="waitTypes.ImplicitWait"/>
</testsuite> <!-- waitTypes.ImplicitWait -->
