<?xml version="1.0" encoding="UTF-8"?>
<!-- Generated by org.testng.reporters.JUnitReportReporter -->
<testsuite hostname="E6410-PC" name="deltaPage.DeltaPageTest" tests="1" failures="0" timestamp="6 Sep 2019 03:12:47 GMT" time="84.872" errors="0">
  <testcase name="flightStatusTestUsingUtil" time="84.872" classname="deltaPage.DeltaPageTest"/>
</testsuite> <!-- deltaPage.DeltaPageTest -->
