<?xml version="1.0" encoding="UTF-8"?>
<!-- Generated by org.testng.reporters.JUnitReportReporter -->
<testsuite hostname="E6410-PC" name="elementLocators.FormyFormTest" tests="1" failures="0" timestamp="23 Aug 2019 01:12:05 GMT" time="11.768" errors="0">
  <testcase name="testCase1" time="11.768" classname="elementLocators.FormyFormTest"/>
</testsuite> <!-- elementLocators.FormyFormTest -->
