<?xml version="1.0" encoding="UTF-8"?>
<!-- Generated by org.testng.reporters.JUnitReportReporter -->
<testsuite hostname="E6410-PC" name="elementLocators.MyFirstTestNG" tests="1" failures="0" timestamp="16 Aug 2019 00:32:45 GMT" time="0.031" errors="0">
  <testcase name="f" time="0.031" classname="elementLocators.MyFirstTestNG"/>
</testsuite> <!-- elementLocators.MyFirstTestNG -->
