<?xml version="1.0" encoding="UTF-8"?>
<!-- Generated by org.testng.reporters.JUnitReportReporter -->
<testsuite hostname="E6410-PC" name="elementLocators.Targetest" tests="1" failures="0" timestamp="16 Aug 2019 02:29:25 GMT" time="37.052" errors="0">
  <testcase name="DealsLink" time="37.052" classname="elementLocators.Targetest"/>
</testsuite> <!-- elementLocators.Targetest -->
